[0706/213126:WARNING:quota_manager.cc(1833)] Create directory failed for path
[0706/220126:WARNING:quota_manager.cc(1833)] Create directory failed for path
[0706/220726:WARNING:url_request_job_manager.cc(89)] Failed to map: weixin://resourceid/blank
[0706/223126:WARNING:quota_manager.cc(1833)] Create directory failed for path
[0706/230126:WARNING:quota_manager.cc(1833)] Create directory failed for path
[0706/233126:WARNING:quota_manager.cc(1833)] Create directory failed for path
[0707/000126:WARNING:quota_manager.cc(1833)] Create directory failed for path
[0707/003126:WARNING:quota_manager.cc(1833)] Create directory failed for path
[0707/010126:WARNING:quota_manager.cc(1833)] Create directory failed for path
[0707/013126:WARNING:quota_manager.cc(1833)] Create directory failed for path
[0707/020126:WARNING:quota_manager.cc(1833)] Create directory failed for path
[0707/023126:WARNING:quota_manager.cc(1833)] Create directory failed for path
[0707/030126:WARNING:quota_manager.cc(1833)] Create directory failed for path
[0707/033126:WARNING:quota_manager.cc(1833)] Create directory failed for path
[0707/040126:WARNING:quota_manager.cc(1833)] Create directory failed for path
[0707/043126:WARNING:quota_manager.cc(1833)] Create directory failed for path
[0707/050126:WARNING:quota_manager.cc(1833)] Create directory failed for path
[0707/053126:WARNING:quota_manager.cc(1833)] Create directory failed for path
[0707/060126:WARNING:quota_manager.cc(1833)] Create directory failed for path
[0707/063126:WARNING:quota_manager.cc(1833)] Create directory failed for path
[0707/070126:WARNING:quota_manager.cc(1833)] Create directory failed for path
[0707/073126:WARNING:quota_manager.cc(1833)] Create directory failed for path
[0707/080126:WARNING:quota_manager.cc(1833)] Create directory failed for path
[0707/083126:WARNING:quota_manager.cc(1833)] Create directory failed for path
[0707/090126:WARNING:quota_manager.cc(1833)] Create directory failed for path
[0707/092620:WARNING:url_request_job_manager.cc(89)] Failed to map: weixin://resourceid/blank
[0707/093126:WARNING:quota_manager.cc(1833)] Create directory failed for path
[0707/100126:WARNING:quota_manager.cc(1833)] Create directory failed for path
[0707/100252:WARNING:url_request_job_manager.cc(89)] Failed to map: weixin://resourceid/blank
[0707/103126:WARNING:quota_manager.cc(1833)] Create directory failed for path
[0707/105410:WARNING:webmediaplayer_impl.cc(341)] Using MultibufferDataSource
[0707/105410:ERROR:ffmpeg_demuxer.cc(1510)] media::FFmpegDemuxer::OnReadFrameDone result=-541478725 IsMaxMemoryUsageReached=0
[0707/105501:WARNING:url_request_job_manager.cc(89)] Failed to map: weixin://resourceid/blank
[0707/105502:WARNING:spdy_session.cc(2455)] Received HEADERS for invalid stream 9
[0707/105511:FATAL:memory.cc(19)] Out of memory. size=4194304
Backtrace:
	CLInfo [0x78C0A267+223911]
	cef_time_to_timet [0x78BD2751+630049]
	TerminateProcessWithoutDump [0x7AB435E1+9091617]
	GetHandleVerifier [0x79FAD64D+20583725]
	GetHandleVerifier [0x79FAD2E7+20582855]
	TerminateProcessWithoutDump [0x7ADE9DCE+11870734]
	TerminateProcessWithoutDump [0x7ADE8FE2+11867170]
	TerminateProcessWithoutDump [0x7ADE9B0A+11870026]
	TerminateProcessWithoutDump [0x7ADEA157+11871639]
	TerminateProcessWithoutDump [0x7ADE900B+11867211]
	TerminateProcessWithoutDump [0x7ADE8D78+11866552]
	TerminateProcessWithoutDump [0x7ADEB01F+11875423]
	GetHandleVerifier [0x79F28F64+20041284]
	GetHandleVerifier [0x79F28E4E+20041006]
	GetHandleVerifier [0x79F28E7F+20041055]
	CLInfo [0x78BF00B2+116978]
	BaseThreadInitThunk [0x764EFA29+25]
	RtlGetAppContainerNamedObjectPath [0x77BB7A7E+286]
	RtlGetAppContainerNamedObjectPath [0x77BB7A4E+238]

[0707/105514:WARNING:url_request_job_manager.cc(89)] Failed to map: weixin://resourceid/blank
[0707/110126:WARNING:quota_manager.cc(1833)] Create directory failed for path
[0707/110459:WARNING:url_request_job_manager.cc(89)] Failed to map: weixin://resourceid/blank
[0707/113126:WARNING:quota_manager.cc(1833)] Create directory failed for path
[0707/120126:WARNING:quota_manager.cc(1833)] Create directory failed for path
[0707/123126:WARNING:quota_manager.cc(1833)] Create directory failed for path
[0707/130126:WARNING:quota_manager.cc(1833)] Create directory failed for path
[0707/133126:WARNING:quota_manager.cc(1833)] Create directory failed for path
[0707/135632:WARNING:url_request_job_manager.cc(89)] Failed to map: weixin://resourceid/blank
[0707/140126:WARNING:quota_manager.cc(1833)] Create directory failed for path
[0707/143126:WARNING:quota_manager.cc(1833)] Create directory failed for path
[0707/150126:WARNING:quota_manager.cc(1833)] Create directory failed for path
[0707/153126:WARNING:quota_manager.cc(1833)] Create directory failed for path
[0707/153925:WARNING:dns_config_service_win.cc(674)] Failed to read DnsConfig.
[0707/153930:WARNING:dns_config_service_win.cc(674)] Failed to read DnsConfig.
[0707/153935:WARNING:dns_config_service_win.cc(674)] Failed to read DnsConfig.
[0707/153940:WARNING:dns_config_service_win.cc(674)] Failed to read DnsConfig.
[0707/154150:WARNING:dns_config_service_win.cc(674)] Failed to read DnsConfig.
[0707/154723:WARNING:url_request_job_manager.cc(89)] Failed to map: weixin://resourceid/blank
[0707/155225:WARNING:url_request_job_manager.cc(89)] Failed to map: weixin://resourceid/blank
[0707/155226:WARNING:url_request_job_manager.cc(89)] Failed to map: weixin://resourceid/blank
[0707/155233:WARNING:url_request_job_manager.cc(89)] Failed to map: weixin://resourceid/blank
[0707/160049:WARNING:spdy_session.cc(2455)] Received HEADERS for invalid stream 3
[0707/160049:WARNING:url_request_job_manager.cc(89)] Failed to map: weixin://resourceid/blank
[0707/160049:WARNING:spdy_session.cc(2455)] Received HEADERS for invalid stream 5
[0707/160049:WARNING:spdy_session.cc(2455)] Received HEADERS for invalid stream 7
[0707/160049:WARNING:spdy_session.cc(2571)] Received RST for invalid stream9
[0707/160126:WARNING:quota_manager.cc(1833)] Create directory failed for path
[0707/160411:WARNING:dns_config_service_win.cc(674)] Failed to read DnsConfig.
[0707/163126:WARNING:quota_manager.cc(1833)] Create directory failed for path
[0707/170126:WARNING:quota_manager.cc(1833)] Create directory failed for path
[0707/170639:WARNING:dns_config_service_win.cc(674)] Failed to read DnsConfig.
[0707/170644:WARNING:dns_config_service_win.cc(674)] Failed to read DnsConfig.
[0707/170649:WARNING:dns_config_service_win.cc(674)] Failed to read DnsConfig.
[0707/170654:WARNING:dns_config_service_win.cc(674)] Failed to read DnsConfig.
[0707/170659:WARNING:dns_config_service_win.cc(674)] Failed to read DnsConfig.
[0707/170704:WARNING:dns_config_service_win.cc(674)] Failed to read DnsConfig.
[0707/173126:WARNING:quota_manager.cc(1833)] Create directory failed for path
[0707/180126:WARNING:quota_manager.cc(1833)] Create directory failed for path
[0707/183126:WARNING:quota_manager.cc(1833)] Create directory failed for path
